\BOOKMARK [1][-]{section.1}{Electromagnetism}{}% 1
\BOOKMARK [1][-]{section.2}{Broad strokes}{}% 2
\BOOKMARK [1][-]{section.3}{Electrostatics}{}% 3
\BOOKMARK [2][-]{subsection.3.1}{Electric Charge}{section.3}% 4
\BOOKMARK [1][-]{section.4}{Electric Current and Electromotive Force}{}% 5
\BOOKMARK [2][-]{subsection.4.1}{Power}{section.4}% 6
\BOOKMARK [1][-]{section.5}{Electric field lines}{}% 7
\BOOKMARK [2][-]{subsection.5.1}{Electric flux}{section.5}% 8
\BOOKMARK [1][-]{section.6}{Energy of electric field}{}% 9
\BOOKMARK [1][-]{section.7}{Magnetism}{}% 10
\BOOKMARK [1][-]{section.8}{Electromotive Force}{}% 11
\BOOKMARK [1][-]{section.9}{Induction}{}% 12
\BOOKMARK [1][-]{section.10}{Lenz's law}{}% 13
\BOOKMARK [1][-]{section.11}{Capacitance}{}% 14
\BOOKMARK [2][-]{subsection.11.1}{Explain how a battery works}{section.11}% 15
\BOOKMARK [1][-]{section.12}{Circuits}{}% 16
\BOOKMARK [2][-]{subsection.12.1}{Capacitors}{section.12}% 17
\BOOKMARK [1][-]{section.13}{Alternating Current}{}% 18
\BOOKMARK [2][-]{subsection.13.1}{Driven Oscillation}{section.13}% 19
\BOOKMARK [2][-]{subsection.13.2}{Capacitive Reactance}{section.13}% 20
\BOOKMARK [2][-]{subsection.13.3}{Inductive Reactance}{section.13}% 21
\BOOKMARK [1][-]{section.14}{Waves}{}% 22
\BOOKMARK [1][-]{section.15}{Oscillators}{}% 23
\BOOKMARK [1][-]{section.16}{Notes}{}% 24
