This is pdfTeX, Version 3.14159265-2.6-1.40.19 (TeX Live 2019/dev/Debian) (preloaded format=pdflatex 2022.3.29)  5 DEC 2022 09:15
entering extended mode
 restricted \write18 enabled.
 file:line:error style messages enabled.
 %&-line parsing enabled.
**chemistry.tex
(./chemistry.tex
LaTeX2e <2018-12-01>
(/usr/share/texlive/texmf-dist/tex/latex/base/article.cls
Document Class: article 2018/09/03 v1.4i Standard LaTeX document class
(/usr/share/texlive/texmf-dist/tex/latex/base/size12.clo
File: size12.clo 2018/09/03 v1.4i Standard LaTeX file (size option)
)
\c@part=\count80
\c@section=\count81
\c@subsection=\count82
\c@subsubsection=\count83
\c@paragraph=\count84
\c@subparagraph=\count85
\c@figure=\count86
\c@table=\count87
\abovecaptionskip=\skip41
\belowcaptionskip=\skip42
\bibindent=\dimen102
) (./chemistry.aux)
\openout1 = `chemistry.aux'.

LaTeX Font Info:    Checking defaults for OML/cmm/m/it on input line 2.
LaTeX Font Info:    ... okay on input line 2.
LaTeX Font Info:    Checking defaults for T1/cmr/m/n on input line 2.
LaTeX Font Info:    ... okay on input line 2.
LaTeX Font Info:    Checking defaults for OT1/cmr/m/n on input line 2.
LaTeX Font Info:    ... okay on input line 2.
LaTeX Font Info:    Checking defaults for OMS/cmsy/m/n on input line 2.
LaTeX Font Info:    ... okay on input line 2.
LaTeX Font Info:    Checking defaults for OMX/cmex/m/n on input line 2.
LaTeX Font Info:    ... okay on input line 2.
LaTeX Font Info:    Checking defaults for U/cmr/m/n on input line 2.
LaTeX Font Info:    ... okay on input line 2.
LaTeX Font Info:    Try loading font information for OMS+cmr on input line 8.
 (/usr/share/texlive/texmf-dist/tex/latex/base/omscmr.fd
File: omscmr.fd 2014/09/29 v2.5h Standard LaTeX font definitions
)
LaTeX Font Info:    Font shape `OMS/cmr/m/n' in size <12> not available
(Font)              Font shape `OMS/cmsy/m/n' tried instead on input line 8.

Overfull \hbox (0.35706pt too wide) in paragraph at lines 34--36
[]\OT1/cmr/m/n/12 There are 3 re-ally com-mon re-ac-tions in na-ture: pre-cip-i-ta-tion, oxidation-
 []

[1

{/var/lib/texmf/fonts/map/pdftex/updmap/pdftex.map}]
LaTeX Font Info:    External font `cmex10' loaded for size
(Font)              <12> on input line 67.
LaTeX Font Info:    External font `cmex10' loaded for size
(Font)              <8> on input line 67.
LaTeX Font Info:    External font `cmex10' loaded for size
(Font)              <6> on input line 67.


./chemistry.tex:78: LaTeX Error: Lonely \item--perhaps a missing list environment.

See the LaTeX manual or LaTeX Companion for explanation.
Type  H <return>  for immediate help.
 ...                                              
                                                  
l.78   \begin
             {quote}
Try typing  <return>  to proceed.
If that doesn't work, type  X <return>  to quit.


./chemistry.tex:85: LaTeX Error: Lonely \item--perhaps a missing list environment.

See the LaTeX manual or LaTeX Companion for explanation.
Type  H <return>  for immediate help.
 ...                                              
                                                  
l.85   T
        he photoelectric effect fortifies the theory that elements have
Try typing  <return>  to proceed.
If that doesn't work, type  X <return>  to quit.

[2]

./chemistry.tex:89: LaTeX Error: Lonely \item--perhaps a missing list environment.

See the LaTeX manual or LaTeX Companion for explanation.
Type  H <return>  for immediate help.
 ...                                              
                                                  
l.89 \item K
            inetic energy of the emitted electron then varies linearly with
Try typing  <return>  to proceed.
If that doesn't work, type  X <return>  to quit.


./chemistry.tex:91: LaTeX Error: \begin{document} ended by \end{itemize}.

See the LaTeX manual or LaTeX Companion for explanation.
Type  H <return>  for immediate help.
 ...                                              
                                                  
l.91 \end{itemize}
                  
Your command was ignored.
Type  I <command> <return>  to replace it with another command,
or  <return>  to continue without it.

./chemistry.tex:91: Extra \endgroup.
<recently read> \endgroup 
                          
l.91 \end{itemize}
                  
Things are pretty mixed up, but I think the worst is over.

[3]
Overfull \hbox (8.1903pt too wide) in paragraph at lines 134--136
[]\OT1/cmr/m/n/12 There's dif-fer-ent group-ings of min-er-als de-pend-ing on com-po-si-tion e.g. sul-
 []

[4] [5] [6] [7] [8]
./chemistry.tex:417: Undefined control sequence.
l.417   \[\Delta G = \sum nG_m(\text
                                    {products}) - \sum nG_m(\text{reactants})\]
The control sequence at the end of the top line
of your error message was never \def'ed. If you have
misspelled it (e.g., `\hobx'), type `I' and the correct
spelling (e.g., `I\hbox'). Otherwise just continue,
and I'll forget about whatever was undefined.

./chemistry.tex:417: Undefined control sequence.
l.417 ...m nG_m(\text{products}) - \sum nG_m(\text
                                                  {reactants})\]
The control sequence at the end of the top line
of your error message was never \def'ed. If you have
misspelled it (e.g., `\hobx'), type `I' and the correct
spelling (e.g., `I\hbox'). Otherwise just continue,
and I'll forget about whatever was undefined.

[9]
./chemistry.tex:450: Undefined control sequence.
l.450 ...on of a particular reactant = \(k_r[\text
                                                  {Molar concentration of re...
The control sequence at the end of the top line
of your error message was never \def'ed. If you have
misspelled it (e.g., `\hobx'), type `I' and the correct
spelling (e.g., `I\hbox'). Otherwise just continue,
and I'll forget about whatever was undefined.


Overfull \hbox (56.12698pt too wide) in paragraph at lines 450--451
[]\OT1/cmr/m/n/12 Rate of con-sump-tion of a par-tic-u-lar re-ac-tant = $\OML/cmm/m/it/12 k[]\OT1/cmr/m/n/12 [[]]$ 
 []

[10] [11] [12]
LaTeX Font Info:    Font shape `OMS/cmr/m/it' in size <12> not available
(Font)              Font shape `OMS/cmsy/m/n' tried instead on input line 605.
 [13] [14] (./chemistry.aux) ) 
Here is how much of TeX's memory you used:
 276 strings out of 494561
 3263 string characters out of 6177454
 58710 words of memory out of 5000000
 4010 multiletter control sequences out of 15000+600000
 8241 words of font info for 29 fonts, out of 8000000 for 9000
 14 hyphenation exceptions out of 8191
 22i,5n,19p,167b,220s stack positions out of 5000i,500n,10000p,200000b,80000s
</usr/share/texlive/texmf-dist/fonts/type1/public/amsfonts/cm/cmbx12.pfb></usr/share/texlive/texmf-dist/fonts/type1/public/amsfonts/cm/cmex10.pfb></usr/share/texlive/texmf-dist/fonts/type1/public/amsfonts/cm/cmmi12.pfb></usr/share/texlive/texmf-dist/fonts/type1/public/amsfonts/cm/cmmi6.pfb></usr/share/texlive/texmf-dist/fonts/type1/public/amsfonts/cm/cmmi8.pfb></usr/share/texlive/texmf-dist/fonts/type1/public/amsfonts/cm/cmr12.pfb></usr/share/texlive/texmf-dist/fonts/type1/public/amsfonts/cm/cmr6.pfb></usr/share/texlive/texmf-dist/fonts/type1/public/amsfonts/cm/cmr8.pfb></usr/share/texlive/texmf-dist/fonts/type1/public/amsfonts/cm/cmsy10.pfb></usr/share/texlive/texmf-dist/fonts/type1/public/amsfonts/cm/cmsy8.pfb></usr/share/texlive/texmf-dist/fonts/type1/public/amsfonts/cm/cmti12.pfb>
Output written on chemistry.pdf (14 pages, 146499 bytes).
PDF statistics:
 94 PDF objects out of 1000 (max. 8388607)
 66 compressed objects within 1 object stream
 0 named destinations out of 1000 (max. 500000)
 1 words of extra memory for PDF output out of 10000 (max. 10000000)

